INFO  started: Metals version 0.8.4 in workspace '/Users/mkotsur/Projects/artc'
INFO  time: initialize in 0.98s
INFO  running '/usr/local/opt/openjdk@11/bin/java -Djline.terminal=jline.UnsupportedTerminal -Dsbt.log.noformat=true -Dfile.encoding=UTF-8 -jar /var/folders/5v/_mzz0m2d4pg_d26tcnlc7fd80000gn/T/metals9543495720790834691/sbt-launch.jar -Dbloop.export-jar-classifiers=sources bloopInstall'
INFO  skipping build import with status 'Started'
INFO  [info] Loading global plugins from /Users/mkotsur/.sbt/1.0/plugins
INFO  [info] Loading settings for project artc-build from metals.sbt ...
INFO  [info] Loading project definition from /Users/mkotsur/Projects/artc/project
INFO  [warn] There may be incompatibilities among your library dependencies; run 'evicted' to see detailed eviction warnings.
INFO  [info] Loading settings for project artc from build.sbt ...
INFO  [info] Set current project to artc (in build file:/Users/mkotsur/Projects/artc/)
INFO  [warn] There may be incompatibilities among your library dependencies; run 'evicted' to see detailed eviction warnings.
INFO  [warn] There may be incompatibilities among your library dependencies; run 'evicted' to see detailed eviction warnings.
INFO  [success] Generated .bloop/artc-test.json
INFO  [success] Generated .bloop/artc.json
INFO  [success] Total time: 0 s, completed 19 Apr 2020, 12:42:53
INFO  build tool exit: 0
INFO  time: ran 'sbt bloopInstall' in 13s
Starting the bsp launcher for bloop...
Opening a bsp server connection with 'bsp --protocol local --socket /var/folders/5v/_mzz0m2d4pg_d26tcnlc7fd80000gn/T/bsp-launcher4427655286309074045/bsp.socket'...
Waiting for the bsp connection to come up...
Waiting for the bsp connection to come up...
Waiting for the bsp connection to come up...
No server running at 127.0.0.1:8212, let's fire one...
Resolving ch.epfl.scala:bloop-frontend_2.12:1.4.0-RC1-190-ef7d8dba...
Starting bloop server at 127.0.0.1:8212...
Attempting a connection to the server...
Attempting a connection to the server...
Attempting a connection to the server...
Attempting a connection to the server...
Attempting a connection to the server...
[0m[32m[D][0m Loading 2 projects from '/Users/mkotsur/Projects/artc/.bloop'...
[0m[32m[D][0m Loading project from '/Users/mkotsur/Projects/artc/.bloop/artc-test.json'
[0m[32m[D][0m Loading project from '/Users/mkotsur/Projects/artc/.bloop/artc.json'
[0m[32m[D][0m Cache miss for scala instance org.scala-lang:scala-compiler:2.13.1.
[0m[32m[D][0m   => /Users/mkotsur/Library/Caches/Coursier/v1/https/repo1.maven.org/maven2/jline/jline/2.14.6/jline-2.14.6.jar
[0m[32m[D][0m   => /Users/mkotsur/Library/Caches/Coursier/v1/https/repo1.maven.org/maven2/org/fusesource/jansi/jansi/1.12/jansi-1.12.jar
[0m[32m[D][0m   => /Users/mkotsur/Library/Caches/Coursier/v1/https/repo1.maven.org/maven2/org/scala-lang/scala-compiler/2.13.1/scala-compiler-2.13.1.jar
[0m[32m[D][0m   => /Users/mkotsur/Library/Caches/Coursier/v1/https/repo1.maven.org/maven2/org/scala-lang/scala-library/2.13.1/scala-library-2.13.1.jar
[0m[32m[D][0m   => /Users/mkotsur/Library/Caches/Coursier/v1/https/repo1.maven.org/maven2/org/scala-lang/scala-reflect/2.13.1/scala-reflect-2.13.1.jar
[0m[32m[D][0m Missing analysis file for project 'artc-test'
[0m[32m[D][0m Missing analysis file for project 'artc'
[0m[32m[D][0m Waiting for a connection at local:///var/folders/5v/_mzz0m2d4pg_d26tcnlc7fd80000gn/T/bsp-launcher4427655286309074045/bsp.socket...
The server is listening for incoming connections at local:///var/folders/5v/_mzz0m2d4pg_d26tcnlc7fd80000gn/T/bsp-launcher4427655286309074045/bsp.socket...
Starting thread that pumps stdin and redirects it to the bsp server...
Starting thread that pumps server stdout and redirects it to the client stdout...
INFO  tracing is disabled for protocol BSP, to enable tracing of incoming and outgoing JSON messages create an empty file at /Users/mkotsur/Library/Caches/org.scalameta.metals/bsp.trace.json
INFO  time: connected to build server in 7.03s
INFO  Connected to Build server v1.4.0-RC1-190-ef7d8dba
WARN  Could not find java sources in None. Java symbols will not be available.
INFO  time: indexed workspace in 2.62s
INFO  compiling artc (2 scala sources)
ERROR code navigation does not work for the file '/Users/mkotsur/Projects/artc/src/main/scala/io/github/mkotsur/artc/ActiveReadThroughCache.scala' because the build target artc is being compiled. Wait until compilation is finished and try again.
ERROR code navigation does not work for the file '/Users/mkotsur/Projects/artc/src/main/scala/io/github/mkotsur/artc/ActiveReadThroughCache.scala' because the build target artc is being compiled. Wait until compilation is finished and try again.
ERROR code navigation does not work for the file '/Users/mkotsur/Projects/artc/src/main/scala/io/github/mkotsur/artc/ActiveReadThroughCache.scala' because the build target artc is being compiled. Wait until compilation is finished and try again.
INFO  time: compiled artc in 8.52s
ERROR code navigation does not work for the file '/Users/mkotsur/Projects/artc/src/main/scala/io/github/mkotsur/artc/ActiveReadThroughCache.scala' because the SemanticDB file '/Users/mkotsur/Projects/artc/.bloop/artc/bloop-bsp-clients-classes/classes-Metals-nbPHhyz3TIyH0TSFhv706A==/META-INF/semanticdb/src/main/scala/io/github/mkotsur/artc/ActiveReadThroughCache.scala.semanticdb' doesn't exist. There can be many reasons for this error. 
ERROR code navigation does not work for the file '/Users/mkotsur/Projects/artc/src/main/scala/io/github/mkotsur/artc/ActiveReadThroughCache.scala' because the SemanticDB file '/Users/mkotsur/Projects/artc/.bloop/artc/bloop-bsp-clients-classes/classes-Metals-nbPHhyz3TIyH0TSFhv706A==/META-INF/semanticdb/src/main/scala/io/github/mkotsur/artc/ActiveReadThroughCache.scala.semanticdb' doesn't exist. There can be many reasons for this error. 
something's wrong: no file:///Users/mkotsur/Projects/artc/src/main/scala/io/github/mkotsur/artc/ActiveReadThroughCache.scala in cats.effect.ContextShift[cats.effect.IO]RangePosition(file:///Users/mkotsur/Projects/artc/src/main/scala/io/github/mkotsur/artc/ActiveReadThroughCache.scala, 2896, 2896, 2912)
ERROR code navigation does not work for the file '/Users/mkotsur/Projects/artc/src/main/scala/io/github/mkotsur/artc/ActiveReadThroughCache.scala' because the SemanticDB file '/Users/mkotsur/Projects/artc/.bloop/artc/bloop-bsp-clients-classes/classes-Metals-nbPHhyz3TIyH0TSFhv706A==/META-INF/semanticdb/src/main/scala/io/github/mkotsur/artc/ActiveReadThroughCache.scala.semanticdb' doesn't exist. There can be many reasons for this error. 
ERROR code navigation does not work for the file '/Users/mkotsur/Projects/artc/src/main/scala/io/github/mkotsur/artc/ActiveReadThroughCache.scala' because the SemanticDB file '/Users/mkotsur/Projects/artc/.bloop/artc/bloop-bsp-clients-classes/classes-Metals-nbPHhyz3TIyH0TSFhv706A==/META-INF/semanticdb/src/main/scala/io/github/mkotsur/artc/ActiveReadThroughCache.scala.semanticdb' doesn't exist. There can be many reasons for this error. 
Apr 19, 2020 1:32:20 PM org.eclipse.lsp4j.jsonrpc.RemoteEndpoint handleCancellation
WARNING: Unmatched cancel notification for request id 25
Apr 19, 2020 1:32:20 PM org.eclipse.lsp4j.jsonrpc.RemoteEndpoint handleCancellation
WARNING: Unmatched cancel notification for request id 27
Apr 19, 2020 1:32:20 PM org.eclipse.lsp4j.jsonrpc.RemoteEndpoint handleCancellation
WARNING: Unmatched cancel notification for request id 29
ERROR code navigation does not work for the file '/Users/mkotsur/Projects/artc/src/main/scala/io/github/mkotsur/artc/ActiveReadThroughCache.scala' because the SemanticDB file '/Users/mkotsur/Projects/artc/.bloop/artc/bloop-bsp-clients-classes/classes-Metals-nbPHhyz3TIyH0TSFhv706A==/META-INF/semanticdb/src/main/scala/io/github/mkotsur/artc/ActiveReadThroughCache.scala.semanticdb' doesn't exist. There can be many reasons for this error. 
ERROR code navigation does not work for the file '/Users/mkotsur/Projects/artc/src/main/scala/io/github/mkotsur/artc/ActiveReadThroughCache.scala' because the SemanticDB file '/Users/mkotsur/Projects/artc/.bloop/artc/bloop-bsp-clients-classes/classes-Metals-nbPHhyz3TIyH0TSFhv706A==/META-INF/semanticdb/src/main/scala/io/github/mkotsur/artc/ActiveReadThroughCache.scala.semanticdb' doesn't exist. There can be many reasons for this error. 
ERROR code navigation does not work for the file '/Users/mkotsur/Projects/artc/src/main/scala/io/github/mkotsur/artc/ActiveReadThroughCache.scala' because the SemanticDB file '/Users/mkotsur/Projects/artc/.bloop/artc/bloop-bsp-clients-classes/classes-Metals-nbPHhyz3TIyH0TSFhv706A==/META-INF/semanticdb/src/main/scala/io/github/mkotsur/artc/ActiveReadThroughCache.scala.semanticdb' doesn't exist. There can be many reasons for this error. 
ERROR code navigation does not work for the file '/Users/mkotsur/Projects/artc/src/main/scala/io/github/mkotsur/artc/ActiveReadThroughCache.scala' because the SemanticDB file '/Users/mkotsur/Projects/artc/.bloop/artc/bloop-bsp-clients-classes/classes-Metals-nbPHhyz3TIyH0TSFhv706A==/META-INF/semanticdb/src/main/scala/io/github/mkotsur/artc/ActiveReadThroughCache.scala.semanticdb' doesn't exist. There can be many reasons for this error. 
INFO  compiling artc (2 scala sources)
INFO  time: compiled artc in 0.6s
INFO  compiling artc (2 scala sources)
INFO  time: compiled artc in 0.37s
INFO  compiling artc (2 scala sources)
INFO  time: compiled artc in 0.43s
INFO  compiling artc (2 scala sources)
INFO  time: compiled artc in 0.28s
INFO  compiling artc (2 scala sources)
INFO  time: compiled artc in 0.32s
INFO  compiling artc (2 scala sources)
INFO  time: compiled artc in 0.3s
INFO  compiling artc (2 scala sources)
INFO  time: compiled artc in 0.53s
INFO  compiling artc (2 scala sources)
INFO  time: compiled artc in 0.29s
ERROR code navigation does not work for the file '/Users/mkotsur/Projects/artc/src/main/scala/io/github/mkotsur/artc/ActiveReadThroughCache.scala' because the SemanticDB file '/Users/mkotsur/Projects/artc/.bloop/artc/bloop-bsp-clients-classes/classes-Metals-nbPHhyz3TIyH0TSFhv706A==/META-INF/semanticdb/src/main/scala/io/github/mkotsur/artc/ActiveReadThroughCache.scala.semanticdb' doesn't exist. There can be many reasons for this error. 
ERROR code navigation does not work for the file '/Users/mkotsur/Projects/artc/src/main/scala/io/github/mkotsur/artc/ActiveReadThroughCache.scala' because the SemanticDB file '/Users/mkotsur/Projects/artc/.bloop/artc/bloop-bsp-clients-classes/classes-Metals-nbPHhyz3TIyH0TSFhv706A==/META-INF/semanticdb/src/main/scala/io/github/mkotsur/artc/ActiveReadThroughCache.scala.semanticdb' doesn't exist. There can be many reasons for this error. 
ERROR code navigation does not work for the file '/Users/mkotsur/Projects/artc/src/main/scala/io/github/mkotsur/artc/ActiveReadThroughCache.scala' because the SemanticDB file '/Users/mkotsur/Projects/artc/.bloop/artc/bloop-bsp-clients-classes/classes-Metals-nbPHhyz3TIyH0TSFhv706A==/META-INF/semanticdb/src/main/scala/io/github/mkotsur/artc/ActiveReadThroughCache.scala.semanticdb' doesn't exist. There can be many reasons for this error. 
ERROR code navigation does not work for the file '/Users/mkotsur/Projects/artc/src/main/scala/io/github/mkotsur/artc/ActiveReadThroughCache.scala' because the SemanticDB file '/Users/mkotsur/Projects/artc/.bloop/artc/bloop-bsp-clients-classes/classes-Metals-nbPHhyz3TIyH0TSFhv706A==/META-INF/semanticdb/src/main/scala/io/github/mkotsur/artc/ActiveReadThroughCache.scala.semanticdb' doesn't exist. There can be many reasons for this error. 
ERROR code navigation does not work for the file '/Users/mkotsur/Projects/artc/src/main/scala/io/github/mkotsur/artc/ActiveReadThroughCache.scala' because the SemanticDB file '/Users/mkotsur/Projects/artc/.bloop/artc/bloop-bsp-clients-classes/classes-Metals-nbPHhyz3TIyH0TSFhv706A==/META-INF/semanticdb/src/main/scala/io/github/mkotsur/artc/ActiveReadThroughCache.scala.semanticdb' doesn't exist. There can be many reasons for this error. 
INFO  compiling artc (2 scala sources)
INFO  time: compiled artc in 0.25s
INFO  compiling artc (2 scala sources)
INFO  time: compiled artc in 0.38s
INFO  compiling artc (2 scala sources)
INFO  time: compiled artc in 5.47s
INFO  shutting down Metals
No more data in the client stdin, exiting...
No more data in the server stdin, exiting...
